<?xml version="1.0" encoding="UTF-8"?>
<!-- Generated by org.testng.reporters.JUnitXMLReporter -->
<testsuite ignored="0" hostname="DESKTOP-1MU00UN" failures="0" tests="8" name="Default test" time="66.862" errors="0" timestamp="2023-07-05T19:17:32 EDT">
  <testcase classname="com.agile.testNgTutorial.sauceDemoFunctionAllFinal" name="dashBoard" time="0.051"/>
  <testcase classname="com.agile.testNgTutorial.sauceDemoFunctionAllFinal" name="productAlpabeticsort" time="3.168"/>
  <testcase classname="com.agile.testNgTutorial.sauceDemoFunctionAllFinal" name="productPriceSort" time="3.185"/>
  <testcase classname="com.agile.testNgTutorial.sauceDemoFunctionAllFinal" name="pageValidation" time="9.404"/>
  <testcase classname="com.agile.testNgTutorial.sauceDemoFunctionAllFinal" name="productCountTest" time="0.074"/>
  <testcase classname="com.agile.testNgTutorial.sauceDemoFunctionAllFinal" name="singleProductCheck" time="39.113"/>
  <testcase classname="com.agile.testNgTutorial.sauceDemoFunctionAllFinal" name="addToCart" time="0.13"/>
  <testcase classname="com.agile.testNgTutorial.sauceDemoFunctionAllFinal" name="checkout" time="7.319"/>
</testsuite> <!-- Default test -->
