<?xml version="1.0" encoding="UTF-8"?>
<testng-results ignored="0" total="8" passed="8" failed="0" skipped="0">
  <reporter-output>
  </reporter-output>
  <suite started-at="2023-07-05T19:16:25 EDT" name="Default suite" finished-at="2023-07-05T19:17:32 EDT" duration-ms="66862">
    <groups>
    </groups>
    <test started-at="2023-07-05T19:16:25 EDT" name="Default test" finished-at="2023-07-05T19:17:32 EDT" duration-ms="66862">
      <class name="com.agile.testNgTutorial.sauceDemoFunctionAllFinal">
        <test-method is-config="true" signature="setup()[pri:0, instance:com.agile.testNgTutorial.sauceDemoFunctionAllFinal@313ac989]" started-at="2023-07-05T19:16:25 EDT" name="setup" finished-at="2023-07-05T19:16:27 EDT" duration-ms="2333" status="PASS">
          <reporter-output>
          </reporter-output>
        </test-method> <!-- setup -->
        <test-method is-config="true" signature="login()[pri:0, instance:com.agile.testNgTutorial.sauceDemoFunctionAllFinal@313ac989]" started-at="2023-07-05T19:16:28 EDT" name="login" finished-at="2023-07-05T19:16:29 EDT" duration-ms="1116" status="PASS">
          <reporter-output>
          </reporter-output>
        </test-method> <!-- login -->
        <test-method signature="dashBoard()[pri:1, instance:com.agile.testNgTutorial.sauceDemoFunctionAllFinal@313ac989]" started-at="2023-07-05T19:16:29 EDT" name="dashBoard" finished-at="2023-07-05T19:16:29 EDT" duration-ms="51" status="PASS">
          <reporter-output>
          </reporter-output>
        </test-method> <!-- dashBoard -->
        <test-method signature="productAlpabeticsort()[pri:2, instance:com.agile.testNgTutorial.sauceDemoFunctionAllFinal@313ac989]" started-at="2023-07-05T19:16:29 EDT" name="productAlpabeticsort" finished-at="2023-07-05T19:16:32 EDT" duration-ms="3168" status="PASS">
          <reporter-output>
          </reporter-output>
        </test-method> <!-- productAlpabeticsort -->
        <test-method signature="productPriceSort()[pri:3, instance:com.agile.testNgTutorial.sauceDemoFunctionAllFinal@313ac989]" started-at="2023-07-05T19:16:32 EDT" name="productPriceSort" finished-at="2023-07-05T19:16:35 EDT" duration-ms="3185" status="PASS">
          <reporter-output>
          </reporter-output>
        </test-method> <!-- productPriceSort -->
        <test-method signature="pageValidation()[pri:4, instance:com.agile.testNgTutorial.sauceDemoFunctionAllFinal@313ac989]" started-at="2023-07-05T19:16:35 EDT" name="pageValidation" finished-at="2023-07-05T19:16:44 EDT" duration-ms="9404" status="PASS">
          <reporter-output>
          </reporter-output>
        </test-method> <!-- pageValidation -->
        <test-method signature="productCountTest()[pri:5, instance:com.agile.testNgTutorial.sauceDemoFunctionAllFinal@313ac989]" started-at="2023-07-05T19:16:44 EDT" name="productCountTest" finished-at="2023-07-05T19:16:45 EDT" duration-ms="74" status="PASS">
          <reporter-output>
          </reporter-output>
        </test-method> <!-- productCountTest -->
        <test-method signature="singleProductCheck()[pri:6, instance:com.agile.testNgTutorial.sauceDemoFunctionAllFinal@313ac989]" started-at="2023-07-05T19:16:45 EDT" name="singleProductCheck" finished-at="2023-07-05T19:17:24 EDT" duration-ms="39113" status="PASS">
          <reporter-output>
          </reporter-output>
        </test-method> <!-- singleProductCheck -->
        <test-method signature="addToCart()[pri:7, instance:com.agile.testNgTutorial.sauceDemoFunctionAllFinal@313ac989]" started-at="2023-07-05T19:17:24 EDT" name="addToCart" finished-at="2023-07-05T19:17:24 EDT" duration-ms="130" status="PASS">
          <reporter-output>
          </reporter-output>
        </test-method> <!-- addToCart -->
        <test-method signature="checkout()[pri:8, instance:com.agile.testNgTutorial.sauceDemoFunctionAllFinal@313ac989]" started-at="2023-07-05T19:17:24 EDT" name="checkout" finished-at="2023-07-05T19:17:31 EDT" depends-on-methods="com.agile.testNgTutorial.sauceDemoFunctionAllFinal.addToCart" duration-ms="7319" status="PASS">
          <reporter-output>
          </reporter-output>
        </test-method> <!-- checkout -->
        <test-method is-config="true" signature="logout()[pri:0, instance:com.agile.testNgTutorial.sauceDemoFunctionAllFinal@313ac989]" started-at="2023-07-05T19:17:31 EDT" name="logout" finished-at="2023-07-05T19:17:32 EDT" duration-ms="604" status="PASS">
          <reporter-output>
          </reporter-output>
        </test-method> <!-- logout -->
        <test-method is-config="true" signature="close()[pri:0, instance:com.agile.testNgTutorial.sauceDemoFunctionAllFinal@313ac989]" started-at="2023-07-05T19:17:32 EDT" name="close" finished-at="2023-07-05T19:17:32 EDT" duration-ms="261" status="PASS">
          <reporter-output>
          </reporter-output>
        </test-method> <!-- close -->
      </class> <!-- com.agile.testNgTutorial.sauceDemoFunctionAllFinal -->
    </test> <!-- Default test -->
  </suite> <!-- Default suite -->
</testng-results>
