<?xml version="1.0" encoding="UTF-8"?>
<!-- Generated by org.testng.reporters.JUnitXMLReporter -->
<testsuite ignored="1" hostname="DESKTOP-1MU00UN" failures="0" tests="3" name="Test" time="3.071" errors="0" timestamp="2023-06-21T20:58:14 EDT">
  <testcase classname="com.agileteach.testNGtutorial.ClassTwo" name="groupTest" time="0.017"/>
  <testcase classname="com.agileteach.testNGtutorial.ClassTwo" name="groupTwo" time="0.013"/>
  <testcase classname="com.agileteach.testNGtutorial.ClassTwo" name="testTwo" time="3.019"/>
  <testcase classname="com.agileteach.testNGtutorial.ClassOne" name="testOne" time="0.0">
    <ignored/>
  </testcase> <!-- testOne -->
</testsuite> <!-- Test -->
